Using pre-set license
Built from '2020.3/release' branch; Version is '2020.3.2f1 (8fd9074bf66c) revision 9427207'; Using compiler version '192528614'; Build Type 'Release'
OS: 'Windows 10 Home Single Language; OS build 19043.1348; Version 2009; 64bit' Language: 'en' Physical Memory: 15789 MB
BatchMode: 1, IsHumanControllingUs: 0, StartBugReporterOnCrash: 0, Is64bit: 1, IsPro: 0

 COMMAND LINE ARGUMENTS:
C:\Program Files\Unity\Hub\Editor\2020.3.2f1\Editor\Unity.exe
-adb2
-batchMode
-noUpm
-name
AssetImportWorker0
-projectPath
C:/Users/Praneeth Reddy/Desktop/POLIMI/2nd Year - Polimi/VGDP/SlideThrough
-logFile
Logs/AssetImportWorker0.log
-srvPort
50482
Successfully changed project path to: C:/Users/Praneeth Reddy/Desktop/POLIMI/2nd Year - Polimi/VGDP/SlideThrough
C:/Users/Praneeth Reddy/Desktop/POLIMI/2nd Year - Polimi/VGDP/SlideThrough
Using Asset Import Pipeline V2.
Refreshing native plugins compatible for Editor in 52.65 ms, found 0 plugins.
Preloading 0 native plugins for Editor in 0.00 ms.
Initialize engine version: 2020.3.2f1 (8fd9074bf66c)
[Subsystems] Discovering subsystems at path C:/Program Files/Unity/Hub/Editor/2020.3.2f1/Editor/Data/Resources/UnitySubsystems
[Subsystems] Discovering subsystems at path C:/Users/Praneeth Reddy/Desktop/POLIMI/2nd Year - Polimi/VGDP/SlideThrough/Assets
GfxDevice: creating device client; threaded=0
Direct3D:
    Version:  Direct3D 11.0 [level 11.1]
    Renderer: NVIDIA GeForce GTX 1660 Ti with Max-Q Design (ID=0x2191)
    Vendor:   
    VRAM:     5991 MB
    Driver:   27.21.14.6611
Initialize mono
Mono path[0] = 'C:/Program Files/Unity/Hub/Editor/2020.3.2f1/Editor/Data/Managed'
Mono path[1] = 'C:/Program Files/Unity/Hub/Editor/2020.3.2f1/Editor/Data/MonoBleedingEdge/lib/mono/unityjit'
Mono config path = 'C:/Program Files/Unity/Hub/Editor/2020.3.2f1/Editor/Data/MonoBleedingEdge/etc'
Using monoOptions --debugger-agent=transport=dt_socket,embedding=1,server=y,suspend=n,address=127.0.0.1:56812
Begin MonoManager ReloadAssembly
Registering precompiled unity dll's ...
Register platform support module: C:/Program Files/Unity/Hub/Editor/2020.3.2f1/Editor/Data/PlaybackEngines/WindowsStandaloneSupport/UnityEditor.WindowsStandalone.Extensions.dll
Registered in 0.001664 seconds.
Native extension for WindowsStandalone target not found
Refreshing native plugins compatible for Editor in 56.50 ms, found 0 plugins.
Preloading 0 native plugins for Editor in 0.00 ms.
Invoked RoslynAnalysisRunner static constructor.
RoslynAnalysisRunner will not be running.
RoslynAnalysisRunner has terminated.
Mono: successfully reloaded assembly
- Completed reload, in  1.011 seconds
Platform modules already initialized, skipping
Registering precompiled user dll's ...
Registered in 0.001525 seconds.
Begin MonoManager ReloadAssembly
Native extension for WindowsStandalone target not found
Refreshing native plugins compatible for Editor in 50.43 ms, found 0 plugins.
Preloading 0 native plugins for Editor in 0.00 ms.
Invoked RoslynAnalysisRunner static constructor.
RoslynAnalysisRunner will not be running.
RoslynAnalysisRunner has terminated.
Mono: successfully reloaded assembly
- Completed reload, in  0.980 seconds
Platform modules already initialized, skipping
========================================================================
Worker process is ready to serve import requests
Shader 'Universal Render Pipeline/Particles/Lit': fallback shader 'Universal Render Pipeline/Particles/SimpleLit' not found
Shader 'Universal Render Pipeline/Particles/Lit': fallback shader 'Universal Render Pipeline/Particles/SimpleLit' not found
Launched and connected shader compiler UnityShaderCompiler.exe after 0.05 seconds
Refreshing native plugins compatible for Editor in 0.51 ms, found 0 plugins.
Preloading 0 native plugins for Editor in 0.00 ms.
Unloading 2717 Unused Serialized files (Serialized files now loaded: 0)
System memory in use before: 125.4 MB.
System memory in use after: 122.6 MB.

Unloading 47 unused Assets to reduce memory usage. Loaded Objects now: 3127.
Total: 3.835400 ms (FindLiveObjects: 0.284600 ms CreateObjectMapping: 0.085900 ms MarkObjects: 2.256000 ms  DeleteObjects: 1.207300 ms)

========================================================================
Received Import Request.
  path: Assets/Materials/Player.mat
  artifactKey: Guid(3590ef89245366c4194983a8723cd9a4) Importer(815301076,1909f56bfc062723c751e8b465ee728b)
Start importing Assets/Materials/Player.mat using Guid(3590ef89245366c4194983a8723cd9a4) Importer(815301076,1909f56bfc062723c751e8b465ee728b)  -> (artifact id: 'be3d3af5d9a8edea0042501b24ca31c7') in 0.245190 seconds
  Import took 0.249796 seconds .

========================================================================
Received Import Request.
  Time since last request: 0.000319 seconds.
  path: Assets/Materials/Background.mat
  artifactKey: Guid(d38e5afae79354a49afde846e74f3738) Importer(815301076,1909f56bfc062723c751e8b465ee728b)
Start importing Assets/Materials/Background.mat using Guid(d38e5afae79354a49afde846e74f3738) Importer(815301076,1909f56bfc062723c751e8b465ee728b)  -> (artifact id: 'b9156e2c08d906fa1e9712434165a262') in 0.018015 seconds
  Import took 0.022094 seconds .

========================================================================
Received Prepare
Registering precompiled user dll's ...
Registered in 0.001301 seconds.
Begin MonoManager ReloadAssembly
Native extension for WindowsStandalone target not found
Refreshing native plugins compatible for Editor in 0.46 ms, found 0 plugins.
Preloading 0 native plugins for Editor in 0.00 ms.
Invoked RoslynAnalysisRunner static constructor.
RoslynAnalysisRunner will not be running.
RoslynAnalysisRunner has terminated.
Mono: successfully reloaded assembly
- Completed reload, in  0.874 seconds
Platform modules already initialized, skipping
Shader 'Universal Render Pipeline/Particles/Lit': fallback shader 'Universal Render Pipeline/Particles/SimpleLit' not found
Shader 'Universal Render Pipeline/Particles/Lit': fallback shader 'Universal Render Pipeline/Particles/SimpleLit' not found
Refreshing native plugins compatible for Editor in 0.46 ms, found 0 plugins.
Preloading 0 native plugins for Editor in 0.00 ms.
Unloading 2642 Unused Serialized files (Serialized files now loaded: 0)
System memory in use before: 127.3 MB.
System memory in use after: 124.6 MB.

Unloading 40 unused Assets to reduce memory usage. Loaded Objects now: 3208.
Total: 4.243900 ms (FindLiveObjects: 0.511900 ms CreateObjectMapping: 0.218900 ms MarkObjects: 2.396500 ms  DeleteObjects: 1.114200 ms)

========================================================================
Received Prepare
Shader 'Universal Render Pipeline/Particles/Lit': fallback shader 'Universal Render Pipeline/Particles/SimpleLit' not found
Shader 'Universal Render Pipeline/Particles/Lit': fallback shader 'Universal Render Pipeline/Particles/SimpleLit' not found
Refreshing native plugins compatible for Editor in 1.16 ms, found 0 plugins.
Preloading 0 native plugins for Editor in 0.00 ms.
Unloading 38 Unused Serialized files (Serialized files now loaded: 0)
System memory in use before: 75.1 MB.
System memory in use after: 72.4 MB.

Unloading 38 unused Assets to reduce memory usage. Loaded Objects now: 3208.
Total: 5.003200 ms (FindLiveObjects: 0.532000 ms CreateObjectMapping: 0.264000 ms MarkObjects: 2.784300 ms  DeleteObjects: 1.420300 ms)

========================================================================
Received Import Request.
  Time since last request: 247.867766 seconds.
  path: Assets/_Template/Materials/Skybox_Mat.mat
  artifactKey: Guid(0ffaa0b7117ba8c47a9d05ae701d4b4d) Importer(815301076,1909f56bfc062723c751e8b465ee728b)
Start importing Assets/_Template/Materials/Skybox_Mat.mat using Guid(0ffaa0b7117ba8c47a9d05ae701d4b4d) Importer(815301076,1909f56bfc062723c751e8b465ee728b)  -> (artifact id: '058d04c3df54d5baad3b296f5ad54744') in 0.140104 seconds
  Import took 0.145493 seconds .

========================================================================
Received Import Request.
  Time since last request: 1.300648 seconds.
  path: Assets/_Template/Presets/AudioCompressedInMemory.preset
  artifactKey: Guid(2dd802e4d37c65149922028d3e973832) Importer(815301076,1909f56bfc062723c751e8b465ee728b)
Start importing Assets/_Template/Presets/AudioCompressedInMemory.preset using Guid(2dd802e4d37c65149922028d3e973832) Importer(815301076,1909f56bfc062723c751e8b465ee728b)  -> (artifact id: '2b603793a92a039d9d6f5de358c31caf') in 0.011272 seconds
  Import took 0.015904 seconds .

========================================================================
Received Import Request.
  Time since last request: 0.000405 seconds.
  path: Assets/_Template/Presets/AudioStreaming.preset
  artifactKey: Guid(86bcce7f5575b54408aa0f3a7d321039) Importer(815301076,1909f56bfc062723c751e8b465ee728b)
Start importing Assets/_Template/Presets/AudioStreaming.preset using Guid(86bcce7f5575b54408aa0f3a7d321039) Importer(815301076,1909f56bfc062723c751e8b465ee728b)  -> (artifact id: '613c6b83e04d5b0ce9778fb0872349e3') in 0.007193 seconds
  Import took 0.011390 seconds .

========================================================================
Received Import Request.
  Time since last request: 0.000287 seconds.
  path: Assets/_Template/Presets/NormalTexture.preset
  artifactKey: Guid(14a57cf3b9fa1c74b884aa7e0dcf1faa) Importer(815301076,1909f56bfc062723c751e8b465ee728b)
Start importing Assets/_Template/Presets/NormalTexture.preset using Guid(14a57cf3b9fa1c74b884aa7e0dcf1faa) Importer(815301076,1909f56bfc062723c751e8b465ee728b)  -> (artifact id: 'bb6d28ed510da37b32a524a48d19eb85') in 0.007869 seconds
  Import took 0.012588 seconds .

========================================================================
Received Import Request.
  Time since last request: 0.000297 seconds.
  path: Assets/_Template/Presets/UtilityTexture.preset
  artifactKey: Guid(45f7b2e3c78185248b3adbb14429c2ab) Importer(815301076,1909f56bfc062723c751e8b465ee728b)
Start importing Assets/_Template/Presets/UtilityTexture.preset using Guid(45f7b2e3c78185248b3adbb14429c2ab) Importer(815301076,1909f56bfc062723c751e8b465ee728b)  -> (artifact id: '10a31f34f56070bfb676fc9d8e9ca19d') in 0.008715 seconds
  Import took 0.012765 seconds .

========================================================================
Received Import Request.
  Time since last request: 8.133102 seconds.
  path: Assets/_Template/Settings/ForwardRenderer.asset
  artifactKey: Guid(4a8e21d5c33334b11b34a596161b9360) Importer(815301076,1909f56bfc062723c751e8b465ee728b)
Start importing Assets/_Template/Settings/ForwardRenderer.asset using Guid(4a8e21d5c33334b11b34a596161b9360) Importer(815301076,1909f56bfc062723c751e8b465ee728b)  -> (artifact id: '0e86c30da61fd48dcd173776ff16ee8c') in 0.009450 seconds
  Import took 0.013252 seconds .

========================================================================
Received Import Request.
  Time since last request: 0.000354 seconds.
  path: Assets/_Template/Settings/SampleSceneProfile.asset
  artifactKey: Guid(10fc4df2da32a41aaa32d77bc913491c) Importer(815301076,1909f56bfc062723c751e8b465ee728b)
Start importing Assets/_Template/Settings/SampleSceneProfile.asset using Guid(10fc4df2da32a41aaa32d77bc913491c) Importer(815301076,1909f56bfc062723c751e8b465ee728b)  -> (artifact id: '939d6f60f0cbf12c702b6c8a4a68da13') in 0.008356 seconds
  Import took 0.013037 seconds .

========================================================================
Received Import Request.
  Time since last request: 0.000354 seconds.
  path: Assets/_Template/Settings/UniversalRP-LowQuality.asset
  artifactKey: Guid(a31e9f9f9c9d4b9429ed0d1234e22103) Importer(815301076,1909f56bfc062723c751e8b465ee728b)
Start importing Assets/_Template/Settings/UniversalRP-LowQuality.asset using Guid(a31e9f9f9c9d4b9429ed0d1234e22103) Importer(815301076,1909f56bfc062723c751e8b465ee728b)  -> (artifact id: 'c6ee24be97af961266b1eff6010077a0') in 0.008088 seconds
  Import took 0.012324 seconds .

========================================================================
Received Import Request.
  Time since last request: 0.000290 seconds.
  path: Assets/_Template/Settings/UniversalRP-MediumQuality.asset
  artifactKey: Guid(d847b876476d3d6468f5dfcd34266f96) Importer(815301076,1909f56bfc062723c751e8b465ee728b)
Start importing Assets/_Template/Settings/UniversalRP-MediumQuality.asset using Guid(d847b876476d3d6468f5dfcd34266f96) Importer(815301076,1909f56bfc062723c751e8b465ee728b)  -> (artifact id: 'f763ac5848d70bb2c362553fc7d85482') in 0.008179 seconds
  Import took 0.012343 seconds .

========================================================================
Received Import Request.
  Time since last request: 0.000372 seconds.
  path: Assets/_Template/Settings/UniversalRP-HighQuality.asset
  artifactKey: Guid(19ba41d7c0026c3459d37c2fe90c55a0) Importer(815301076,1909f56bfc062723c751e8b465ee728b)
Start importing Assets/_Template/Settings/UniversalRP-HighQuality.asset using Guid(19ba41d7c0026c3459d37c2fe90c55a0) Importer(815301076,1909f56bfc062723c751e8b465ee728b)  -> (artifact id: '3c20af6cf8e409c1f4516ca2ed44222c') in 0.007866 seconds
  Import took 0.011825 seconds .

========================================================================
Received Import Request.
  Time since last request: 5.060909 seconds.
  path: Assets/SlideThrough_InputActions.inputactions
  artifactKey: Guid(74b54ef004f4fea4b915c85089612c37) Importer(815301076,1909f56bfc062723c751e8b465ee728b)
Start importing Assets/SlideThrough_InputActions.inputactions using Guid(74b54ef004f4fea4b915c85089612c37) Importer(815301076,1909f56bfc062723c751e8b465ee728b)  -> (artifact id: 'e31347df4114e7602df1b0218f6611af') in 0.018099 seconds
  Import took 0.022729 seconds .

========================================================================
Received Import Request.
  Time since last request: 14.827553 seconds.
  path: Assets/InputActions
  artifactKey: Guid(85933db8bb9af1e4484544f0b832f1a8) Importer(815301076,1909f56bfc062723c751e8b465ee728b)
Start importing Assets/InputActions using Guid(85933db8bb9af1e4484544f0b832f1a8) Importer(815301076,1909f56bfc062723c751e8b465ee728b)  -> (artifact id: '3426e29277546d187f055330a92355ba') in 0.006371 seconds
  Import took 0.011421 seconds .

========================================================================
Received Import Request.
  Time since last request: 55.968322 seconds.
  path: Assets/InputActions/New Folder
  artifactKey: Guid(78d42cead2ff256439be0b81022a0c3b) Importer(815301076,1909f56bfc062723c751e8b465ee728b)
Start importing Assets/InputActions/New Folder using Guid(78d42cead2ff256439be0b81022a0c3b) Importer(815301076,1909f56bfc062723c751e8b465ee728b)  -> (artifact id: '0de5a0904f4e12f31b94144cd6bde4ed') in 0.007144 seconds
  Import took 0.011096 seconds .

========================================================================
Received Import Request.
  Time since last request: 13.747159 seconds.
  path: Assets/Scripts
  artifactKey: Guid(e259f178c9324a74f9a09f1dcfba28ea) Importer(815301076,1909f56bfc062723c751e8b465ee728b)
Start importing Assets/Scripts using Guid(e259f178c9324a74f9a09f1dcfba28ea) Importer(815301076,1909f56bfc062723c751e8b465ee728b)  -> (artifact id: '7ec6dfada1e1c07d2963b1fb8675c608') in 0.006258 seconds
  Import took 0.011010 seconds .

========================================================================
Received Prepare
Registering precompiled user dll's ...
Registered in 0.001326 seconds.
Begin MonoManager ReloadAssembly
Native extension for WindowsStandalone target not found
Refreshing native plugins compatible for Editor in 0.56 ms, found 0 plugins.
Preloading 0 native plugins for Editor in 0.00 ms.
Invoked RoslynAnalysisRunner static constructor.
RoslynAnalysisRunner will not be running.
RoslynAnalysisRunner has terminated.
Mono: successfully reloaded assembly
- Completed reload, in  0.872 seconds
Platform modules already initialized, skipping
Shader 'Universal Render Pipeline/Particles/Lit': fallback shader 'Universal Render Pipeline/Particles/SimpleLit' not found
Shader 'Universal Render Pipeline/Particles/Lit': fallback shader 'Universal Render Pipeline/Particles/SimpleLit' not found
Refreshing native plugins compatible for Editor in 0.44 ms, found 0 plugins.
Preloading 0 native plugins for Editor in 0.00 ms.
Unloading 2645 Unused Serialized files (Serialized files now loaded: 0)
System memory in use before: 127.6 MB.
System memory in use after: 124.9 MB.

Unloading 40 unused Assets to reduce memory usage. Loaded Objects now: 3250.
Total: 4.213400 ms (FindLiveObjects: 0.401300 ms CreateObjectMapping: 0.148100 ms MarkObjects: 2.351300 ms  DeleteObjects: 1.310600 ms)

========================================================================
Received Import Request.
  Time since last request: 10.584010 seconds.
  path: Assets/Scripts/NewBehaviourScript.cs
  artifactKey: Guid(d3f05d1e625f8e249bbc451cdacc15a4) Importer(815301076,1909f56bfc062723c751e8b465ee728b)
Start importing Assets/Scripts/NewBehaviourScript.cs using Guid(d3f05d1e625f8e249bbc451cdacc15a4) Importer(815301076,1909f56bfc062723c751e8b465ee728b)  -> (artifact id: '5d061ff3696ef46657434e344ee3b6c7') in 0.019505 seconds
  Import took 0.023906 seconds .

========================================================================
Received Import Request.
  Time since last request: 9.317233 seconds.
  path: Assets/Scripts/Player.cs
  artifactKey: Guid(d3f05d1e625f8e249bbc451cdacc15a4) Importer(815301076,1909f56bfc062723c751e8b465ee728b)
Start importing Assets/Scripts/Player.cs using Guid(d3f05d1e625f8e249bbc451cdacc15a4) Importer(815301076,1909f56bfc062723c751e8b465ee728b)  -> (artifact id: '5d262dd7e8436f4445e4f9221f851492') in 0.003662 seconds
  Import took 0.008017 seconds .

========================================================================
Received Prepare
Registering precompiled user dll's ...
Registered in 0.001366 seconds.
Begin MonoManager ReloadAssembly
Native extension for WindowsStandalone target not found
Refreshing native plugins compatible for Editor in 0.44 ms, found 0 plugins.
Preloading 0 native plugins for Editor in 0.00 ms.
Invoked RoslynAnalysisRunner static constructor.
RoslynAnalysisRunner will not be running.
RoslynAnalysisRunner has terminated.
Mono: successfully reloaded assembly
- Completed reload, in  0.814 seconds
Platform modules already initialized, skipping
Shader 'Universal Render Pipeline/Particles/Lit': fallback shader 'Universal Render Pipeline/Particles/SimpleLit' not found
Shader 'Universal Render Pipeline/Particles/Lit': fallback shader 'Universal Render Pipeline/Particles/SimpleLit' not found
Refreshing native plugins compatible for Editor in 0.43 ms, found 0 plugins.
Preloading 0 native plugins for Editor in 0.00 ms.
Unloading 2643 Unused Serialized files (Serialized files now loaded: 0)
System memory in use before: 127.6 MB.
System memory in use after: 124.9 MB.

Unloading 40 unused Assets to reduce memory usage. Loaded Objects now: 3253.
Total: 4.644000 ms (FindLiveObjects: 0.428000 ms CreateObjectMapping: 0.148600 ms MarkObjects: 2.669100 ms  DeleteObjects: 1.395800 ms)

