Using pre-set license
Built from '2020.3/release' branch; Version is '2020.3.2f1 (8fd9074bf66c) revision 9427207'; Using compiler version '192528614'; Build Type 'Release'
OS: 'Windows 10 Home Single Language; OS build 19043.1348; Version 2009; 64bit' Language: 'en' Physical Memory: 15789 MB
BatchMode: 1, IsHumanControllingUs: 0, StartBugReporterOnCrash: 0, Is64bit: 1, IsPro: 0

 COMMAND LINE ARGUMENTS:
C:\Program Files\Unity\Hub\Editor\2020.3.2f1\Editor\Unity.exe
-adb2
-batchMode
-noUpm
-name
AssetImportWorker0
-projectPath
C:/Users/Praneeth Reddy/Desktop/POLIMI/2nd Year - Polimi/VGDP/SlideThrough
-logFile
Logs/AssetImportWorker0.log
-srvPort
52935
Successfully changed project path to: C:/Users/Praneeth Reddy/Desktop/POLIMI/2nd Year - Polimi/VGDP/SlideThrough
C:/Users/Praneeth Reddy/Desktop/POLIMI/2nd Year - Polimi/VGDP/SlideThrough
Using Asset Import Pipeline V2.
Refreshing native plugins compatible for Editor in 100.01 ms, found 0 plugins.
Preloading 0 native plugins for Editor in 0.00 ms.
Initialize engine version: 2020.3.2f1 (8fd9074bf66c)
[Subsystems] Discovering subsystems at path C:/Program Files/Unity/Hub/Editor/2020.3.2f1/Editor/Data/Resources/UnitySubsystems
[Subsystems] Discovering subsystems at path C:/Users/Praneeth Reddy/Desktop/POLIMI/2nd Year - Polimi/VGDP/SlideThrough/Assets
GfxDevice: creating device client; threaded=0
Direct3D:
    Version:  Direct3D 11.0 [level 11.1]
    Renderer: NVIDIA GeForce GTX 1660 Ti with Max-Q Design (ID=0x2191)
    Vendor:   
    VRAM:     5991 MB
    Driver:   27.21.14.6611
Initialize mono
Mono path[0] = 'C:/Program Files/Unity/Hub/Editor/2020.3.2f1/Editor/Data/Managed'
Mono path[1] = 'C:/Program Files/Unity/Hub/Editor/2020.3.2f1/Editor/Data/MonoBleedingEdge/lib/mono/unityjit'
Mono config path = 'C:/Program Files/Unity/Hub/Editor/2020.3.2f1/Editor/Data/MonoBleedingEdge/etc'
Using monoOptions --debugger-agent=transport=dt_socket,embedding=1,server=y,suspend=n,address=127.0.0.1:56584
Begin MonoManager ReloadAssembly
Registering precompiled unity dll's ...
Register platform support module: C:/Program Files/Unity/Hub/Editor/2020.3.2f1/Editor/Data/PlaybackEngines/WindowsStandaloneSupport/UnityEditor.WindowsStandalone.Extensions.dll
Registered in 0.003016 seconds.
Native extension for WindowsStandalone target not found
Refreshing native plugins compatible for Editor in 52.49 ms, found 0 plugins.
Preloading 0 native plugins for Editor in 0.00 ms.
Invoked RoslynAnalysisRunner static constructor.
RoslynAnalysisRunner will not be running.
RoslynAnalysisRunner has terminated.
Mono: successfully reloaded assembly
- Completed reload, in  1.550 seconds
Platform modules already initialized, skipping
Registering precompiled user dll's ...
Registered in 0.001754 seconds.
Begin MonoManager ReloadAssembly
Native extension for WindowsStandalone target not found
Refreshing native plugins compatible for Editor in 46.05 ms, found 0 plugins.
Preloading 0 native plugins for Editor in 0.00 ms.
Invoked RoslynAnalysisRunner static constructor.
RoslynAnalysisRunner will not be running.
RoslynAnalysisRunner has terminated.
Mono: successfully reloaded assembly
- Completed reload, in  0.931 seconds
Platform modules already initialized, skipping
========================================================================
Worker process is ready to serve import requests
Shader 'Universal Render Pipeline/Particles/Lit': fallback shader 'Universal Render Pipeline/Particles/SimpleLit' not found
Shader 'Universal Render Pipeline/Particles/Lit': fallback shader 'Universal Render Pipeline/Particles/SimpleLit' not found
Launched and connected shader compiler UnityShaderCompiler.exe after 0.08 seconds
Refreshing native plugins compatible for Editor in 1.39 ms, found 0 plugins.
Preloading 0 native plugins for Editor in 0.00 ms.
Unloading 2421 Unused Serialized files (Serialized files now loaded: 0)
System memory in use before: 113.7 MB.
System memory in use after: 110.9 MB.

Unloading 45 unused Assets to reduce memory usage. Loaded Objects now: 2827.
Total: 4.190300 ms (FindLiveObjects: 0.793400 ms CreateObjectMapping: 0.108900 ms MarkObjects: 2.135700 ms  DeleteObjects: 1.149300 ms)

========================================================================
Received Import Request.
  path: Assets/Readme.asset
  artifactKey: Guid(83c2ed844a8c74b779a4c823d16594b1) Importer(815301076,1909f56bfc062723c751e8b465ee728b)
Start importing Assets/Readme.asset using Guid(83c2ed844a8c74b779a4c823d16594b1) Importer(815301076,1909f56bfc062723c751e8b465ee728b)  -> (artifact id: '76da366aee205517589073b18f08326b') in 0.051622 seconds
  Import took 0.056923 seconds .

========================================================================
Received Import Request.
  Time since last request: 258.623151 seconds.
  path: Assets/_template
  artifactKey: Guid(1e781a523cec1df4d8543b7245927617) Importer(815301076,1909f56bfc062723c751e8b465ee728b)
Start importing Assets/_template using Guid(1e781a523cec1df4d8543b7245927617) Importer(815301076,1909f56bfc062723c751e8b465ee728b)  -> (artifact id: 'f88566adbd262698f7f8f0389cef65c9') in 0.007415 seconds
  Import took 0.011683 seconds .

========================================================================
Received Import Request.
  Time since last request: 1.365865 seconds.
  path: Assets/ExampleAssets
  artifactKey: Guid(990f5c2df70993f4987a388ca178996a) Importer(815301076,1909f56bfc062723c751e8b465ee728b)
Start importing Assets/ExampleAssets using Guid(990f5c2df70993f4987a388ca178996a) Importer(815301076,1909f56bfc062723c751e8b465ee728b)  -> (artifact id: 'be0f31f33f14f7a75058429aa6e6fffe') in 0.009033 seconds
  Import took 0.013780 seconds .

========================================================================
Received Prepare
Registering precompiled user dll's ...
Registered in 0.001324 seconds.
Begin MonoManager ReloadAssembly
Native extension for WindowsStandalone target not found
Refreshing native plugins compatible for Editor in 0.41 ms, found 0 plugins.
Preloading 0 native plugins for Editor in 0.00 ms.
Invoked RoslynAnalysisRunner static constructor.
RoslynAnalysisRunner will not be running.
RoslynAnalysisRunner has terminated.
Mono: successfully reloaded assembly
- Completed reload, in  0.865 seconds
Platform modules already initialized, skipping
Shader 'Universal Render Pipeline/Particles/Lit': fallback shader 'Universal Render Pipeline/Particles/SimpleLit' not found
Shader 'Universal Render Pipeline/Particles/Lit': fallback shader 'Universal Render Pipeline/Particles/SimpleLit' not found
Refreshing native plugins compatible for Editor in 0.45 ms, found 0 plugins.
Preloading 0 native plugins for Editor in 0.00 ms.
Unloading 2346 Unused Serialized files (Serialized files now loaded: 0)
System memory in use before: 110.1 MB.
System memory in use after: 107.4 MB.

Unloading 40 unused Assets to reduce memory usage. Loaded Objects now: 2830.
Total: 4.308800 ms (FindLiveObjects: 0.562000 ms CreateObjectMapping: 0.186100 ms MarkObjects: 2.169600 ms  DeleteObjects: 1.387200 ms)

========================================================================
Received Import Request.
  Time since last request: 33.610727 seconds.
  path: Assets/_Template
  artifactKey: Guid(1e781a523cec1df4d8543b7245927617) Importer(815301076,1909f56bfc062723c751e8b465ee728b)
Start importing Assets/_Template using Guid(1e781a523cec1df4d8543b7245927617) Importer(815301076,1909f56bfc062723c751e8b465ee728b)  -> (artifact id: 'd6875b51b269eb8f4d7441d1098145dc') in 0.012106 seconds
  Import took 0.017444 seconds .

========================================================================
Received Prepare
Registering precompiled user dll's ...
Registered in 0.001570 seconds.
Begin MonoManager ReloadAssembly
Native extension for WindowsStandalone target not found
Refreshing native plugins compatible for Editor in 0.42 ms, found 0 plugins.
Preloading 0 native plugins for Editor in 0.00 ms.
Invoked RoslynAnalysisRunner static constructor.
RoslynAnalysisRunner will not be running.
RoslynAnalysisRunner has terminated.
Mono: successfully reloaded assembly
- Completed reload, in  0.874 seconds
Platform modules already initialized, skipping
Shader 'Universal Render Pipeline/Particles/Lit': fallback shader 'Universal Render Pipeline/Particles/SimpleLit' not found
Shader 'Universal Render Pipeline/Particles/Lit': fallback shader 'Universal Render Pipeline/Particles/SimpleLit' not found
Refreshing native plugins compatible for Editor in 0.41 ms, found 0 plugins.
Preloading 0 native plugins for Editor in 0.00 ms.
Unloading 2346 Unused Serialized files (Serialized files now loaded: 0)
System memory in use before: 110.1 MB.
System memory in use after: 107.4 MB.

Unloading 40 unused Assets to reduce memory usage. Loaded Objects now: 2833.
Total: 4.537600 ms (FindLiveObjects: 0.481400 ms CreateObjectMapping: 0.241000 ms MarkObjects: 2.608400 ms  DeleteObjects: 1.205400 ms)

========================================================================
Received Import Request.
  Time since last request: 598.647952 seconds.
  path: Assets/_Template/Scenes
  artifactKey: Guid(128ba62db025f8e43b1bc76aa8342b23) Importer(815301076,1909f56bfc062723c751e8b465ee728b)
Start importing Assets/_Template/Scenes using Guid(128ba62db025f8e43b1bc76aa8342b23) Importer(815301076,1909f56bfc062723c751e8b465ee728b)  -> (artifact id: '7df676df2f2d8d93a68f67dd39528312') in 0.012903 seconds
  Import took 0.019497 seconds .

========================================================================
Received Import Request.
  Time since last request: 1.178279 seconds.
  path: Assets/_Template/Scenes/SampleScene.unity
  artifactKey: Guid(d1c3109bdb54ad54c8a2b2838528e640) Importer(815301076,1909f56bfc062723c751e8b465ee728b)
Start importing Assets/_Template/Scenes/SampleScene.unity using Guid(d1c3109bdb54ad54c8a2b2838528e640) Importer(815301076,1909f56bfc062723c751e8b465ee728b)  -> (artifact id: 'ac93e4a534e27344f955f06fd45787a0') in 0.013772 seconds
  Import took 0.017734 seconds .

========================================================================
Received Import Request.
  Time since last request: 12.609868 seconds.
  path: Assets/MainScene.unity
  artifactKey: Guid(2192f233e9f35e746863ba0a55797cae) Importer(815301076,1909f56bfc062723c751e8b465ee728b)
Start importing Assets/MainScene.unity using Guid(2192f233e9f35e746863ba0a55797cae) Importer(815301076,1909f56bfc062723c751e8b465ee728b)  -> (artifact id: 'e49e932ee2e224c9e777ab03be917e11') in 0.007242 seconds
  Import took 0.011459 seconds .

========================================================================
Received Import Request.
  Time since last request: 390.773517 seconds.
  path: Assets
  artifactKey: Guid(00000000000000001000000000000000) Importer(815301076,1909f56bfc062723c751e8b465ee728b)
Start importing Assets using Guid(00000000000000001000000000000000) Importer(815301076,1909f56bfc062723c751e8b465ee728b)  -> (artifact id: '819a33a9bd799f71faca6db75e8a216c') in 0.011106 seconds
  Import took 0.016289 seconds .

========================================================================
Received Import Request.
  Time since last request: 0.000508 seconds.
  path: Assets
  artifactKey: Guid(00000000000000001000000000000000) Importer(815301076,1909f56bfc062723c751e8b465ee728b)
Start importing Assets using Guid(00000000000000001000000000000000) Importer(815301076,1909f56bfc062723c751e8b465ee728b)  -> (artifact id: '819a33a9bd799f71faca6db75e8a216c') in 0.002795 seconds
  Import took 0.006276 seconds .

========================================================================
Received Import Request.
  Time since last request: 17.931337 seconds.
  path: Assets/Materials
  artifactKey: Guid(721f477b536d0c247b151034f8b6f780) Importer(815301076,1909f56bfc062723c751e8b465ee728b)
Start importing Assets/Materials using Guid(721f477b536d0c247b151034f8b6f780) Importer(815301076,1909f56bfc062723c751e8b465ee728b)  -> (artifact id: 'ccec4c3b41b61afc934f3510da5bf44d') in 0.009108 seconds
  Import took 0.012837 seconds .

========================================================================
Received Import Request.
  Time since last request: 72.598918 seconds.
  path: Assets/Materials/New Material.mat
  artifactKey: Guid(d38e5afae79354a49afde846e74f3738) Importer(815301076,1909f56bfc062723c751e8b465ee728b)
Start importing Assets/Materials/New Material.mat using Guid(d38e5afae79354a49afde846e74f3738) Importer(815301076,1909f56bfc062723c751e8b465ee728b)  -> (artifact id: '8e76eb90e72ef4dfbf0dbf3cf5f7efa9') in 0.215366 seconds
  Import took 0.219964 seconds .

========================================================================
Received Import Request.
  Time since last request: 74.111255 seconds.
  path: Assets/Materials/New Material.mat
  artifactKey: Guid(d38e5afae79354a49afde846e74f3738) Importer(815301076,1909f56bfc062723c751e8b465ee728b)
Start importing Assets/Materials/New Material.mat using Guid(d38e5afae79354a49afde846e74f3738) Importer(815301076,1909f56bfc062723c751e8b465ee728b)  -> (artifact id: '49e42b6a8d1d4ceb39323067ea0d25c7') in 0.015637 seconds
  Import took 0.019991 seconds .

========================================================================
Received Import Request.
  Time since last request: 0.000275 seconds.
  path: Assets/Materials/Player.mat
  artifactKey: Guid(3590ef89245366c4194983a8723cd9a4) Importer(815301076,1909f56bfc062723c751e8b465ee728b)
Start importing Assets/Materials/Player.mat using Guid(3590ef89245366c4194983a8723cd9a4) Importer(815301076,1909f56bfc062723c751e8b465ee728b)  -> (artifact id: '842bb25e63c1a146200bfe1809060fc7') in 0.016228 seconds
  Import took 0.020496 seconds .

========================================================================
Received Prepare
Registering precompiled user dll's ...
Registered in 0.001314 seconds.
Begin MonoManager ReloadAssembly
Native extension for WindowsStandalone target not found
Refreshing native plugins compatible for Editor in 0.44 ms, found 0 plugins.
Preloading 0 native plugins for Editor in 0.00 ms.
Invoked RoslynAnalysisRunner static constructor.
RoslynAnalysisRunner will not be running.
RoslynAnalysisRunner has terminated.
Mono: successfully reloaded assembly
- Completed reload, in  0.803 seconds
Platform modules already initialized, skipping
Shader 'Universal Render Pipeline/Particles/Lit': fallback shader 'Universal Render Pipeline/Particles/SimpleLit' not found
Shader 'Universal Render Pipeline/Particles/Lit': fallback shader 'Universal Render Pipeline/Particles/SimpleLit' not found
Refreshing native plugins compatible for Editor in 0.40 ms, found 0 plugins.
Preloading 0 native plugins for Editor in 0.00 ms.
Unloading 2346 Unused Serialized files (Serialized files now loaded: 0)
System memory in use before: 115.6 MB.
System memory in use after: 112.9 MB.

Unloading 40 unused Assets to reduce memory usage. Loaded Objects now: 2914.
Total: 3.447400 ms (FindLiveObjects: 0.324100 ms CreateObjectMapping: 0.126400 ms MarkObjects: 1.870000 ms  DeleteObjects: 1.125700 ms)

========================================================================
Received Prepare
Registering precompiled user dll's ...
Registered in 0.001272 seconds.
Begin MonoManager ReloadAssembly
Native extension for WindowsStandalone target not found
Refreshing native plugins compatible for Editor in 42.97 ms, found 0 plugins.
Preloading 0 native plugins for Editor in 0.00 ms.
Invoked RoslynAnalysisRunner static constructor.
RoslynAnalysisRunner will not be running.
RoslynAnalysisRunner has terminated.
Mono: successfully reloaded assembly
- Completed reload, in  0.709 seconds
Platform modules already initialized, skipping
Shader 'Universal Render Pipeline/Particles/Lit': fallback shader 'Universal Render Pipeline/Particles/SimpleLit' not found
Shader 'Universal Render Pipeline/Particles/Lit': fallback shader 'Universal Render Pipeline/Particles/SimpleLit' not found
Refreshing native plugins compatible for Editor in 0.44 ms, found 0 plugins.
Preloading 0 native plugins for Editor in 0.00 ms.
Unloading 2642 Unused Serialized files (Serialized files now loaded: 0)
System memory in use before: 124.8 MB.
System memory in use after: 121.1 MB.

Unloading 100 unused Assets to reduce memory usage. Loaded Objects now: 3150.
Total: 4.121000 ms (FindLiveObjects: 0.508400 ms CreateObjectMapping: 0.080500 ms MarkObjects: 1.602700 ms  DeleteObjects: 1.926800 ms)

AssetImportParameters requested are different than current active one (requested -> active):
  custom:srp/default-shader: 0000e00a000e0de00000e000e0000000 -> 00a0da0d000000000000000000000000
AssetImportWorkerClient::OnTransportError - code=2 error=End of file
